app/build/intermediates/manifest_merge_blame_file/release/processReleaseMainManifest/manifest-merger-blame-release-report.txt
1<?xml version="1.0" encoding="utf-8"?>
2<manifest xmlns:android="http://schemas.android.com/apk/res/android"
3    package="com.peekly.parent"
4    android:versionCode="1"
5    android:versionName="1.0" >
6
7    <uses-sdk
8        android:minSdkVersion="26"
9        android:targetSdkVersion="34" />
10
11    <uses-permission android:name="android.permission.INTERNET" />
11-->src\main\AndroidManifest.xml:5:5-67
11-->src\main\AndroidManifest.xml:5:22-64
12    <uses-permission android:name="android.permission.POST_NOTIFICATIONS" />
12-->src\main\AndroidManifest.xml:6:5-77
12-->src\main\AndroidManifest.xml:6:22-74
13    <uses-permission android:name="android.permission.ACCESS_NETWORK_STATE" />
13-->[com.google.firebase:firebase-messaging:24.0.0] AndroidManifest.xml:22:5-79
13-->[com.google.firebase:firebase-messaging:24.0.0] AndroidManifest.xml:22:22-76
14    <uses-permission android:name="android.permission.WAKE_LOCK" /> <!-- Required by older versions of Google Play services to create IID tokens -->
14-->[com.google.firebase:firebase-messaging:24.0.0] AndroidManifest.xml:24:5-68
14-->[com.google.firebase:firebase-messaging:24.0.0] AndroidManifest.xml:24:22-65
15    <uses-permission android:name="com.google.android.c2dm.permission.RECEIVE" />
15-->[com.google.firebase:firebase-messaging:24.0.0] AndroidManifest.xml:26:5-82
15-->[com.google.firebase:firebase-messaging:24.0.0] AndroidManifest.xml:26:22-79
16
17    <permission
17-->[androidx.core:core:1.12.0] AndroidManifest.xml:22:5-24:47
18        android:name="com.peekly.parent.DYNAMIC_RECEIVER_NOT_EXPORTED_PERMISSION"
18-->[androidx.core:core:1.12.0] AndroidManifest.xml:23:9-81
19        android:protectionLevel="signature" />
19-->[androidx.core:core:1.12.0] AndroidManifest.xml:24:9-44
20
21    <uses-permission android:name="com.peekly.parent.DYNAMIC_RECEIVER_NOT_EXPORTED_PERMISSION" />
21-->[androidx.core:core:1.12.0] AndroidManifest.xml:26:5-97
21-->[androidx.core:core:1.12.0] AndroidManifest.xml:26:22-94
22
23    <application
23-->src\main\AndroidManifest.xml:8:5-40:19
24        android:name="com.peekly.parent.PeeklyApplication"
24-->src\main\AndroidManifest.xml:9:9-42
25        android:allowBackup="true"
25-->src\main\AndroidManifest.xml:10:9-35
26        android:appComponentFactory="androidx.core.app.CoreComponentFactory"
26-->[androidx.core:core:1.12.0] AndroidManifest.xml:28:18-86
27        android:dataExtractionRules="@xml/data_extraction_rules"
27-->src\main\AndroidManifest.xml:11:9-65
28        android:extractNativeLibs="false"
29        android:fullBackupContent="@xml/backup_rules"
29-->src\main\AndroidManifest.xml:12:9-54
30        android:icon="@mipmap/ic_launcher"
30-->src\main\AndroidManifest.xml:13:9-43
31        android:label="@string/app_name"
31-->src\main\AndroidManifest.xml:14:9-41
32        android:roundIcon="@mipmap/ic_launcher_round"
32-->src\main\AndroidManifest.xml:15:9-54
33        android:supportsRtl="true"
33-->src\main\AndroidManifest.xml:16:9-35
34        android:theme="@style/Theme.PeeklyParent"
34-->src\main\AndroidManifest.xml:17:9-50
35        android:usesCleartextTraffic="true" >
35-->src\main\AndroidManifest.xml:18:9-44
36        <activity
36-->src\main\AndroidManifest.xml:21:9-30:20
37            android:name="com.peekly.parent.MainActivity"
37-->src\main\AndroidManifest.xml:22:13-41
38            android:exported="true"
38-->src\main\AndroidManifest.xml:23:13-36
39            android:label="@string/app_name"
39-->src\main\AndroidManifest.xml:24:13-45
40            android:theme="@style/Theme.PeeklyParent" >
40-->src\main\AndroidManifest.xml:25:13-54
41            <intent-filter>
41-->src\main\AndroidManifest.xml:26:13-29:29
42                <action android:name="android.intent.action.MAIN" />
42-->src\main\AndroidManifest.xml:27:17-69
42-->src\main\AndroidManifest.xml:27:25-66
43
44                <category android:name="android.intent.category.LAUNCHER" />
44-->src\main\AndroidManifest.xml:28:17-77
44-->src\main\AndroidManifest.xml:28:27-74
45            </intent-filter>
46        </activity>
47
48        <service
48-->src\main\AndroidManifest.xml:32:9-38:19
49            android:name="com.peekly.parent.service.PeeklyFirebaseService"
49-->src\main\AndroidManifest.xml:33:13-58
50            android:exported="false" >
50-->src\main\AndroidManifest.xml:34:13-37
51            <intent-filter>
51-->src\main\AndroidManifest.xml:35:13-37:29
52                <action android:name="com.google.firebase.MESSAGING_EVENT" />
52-->src\main\AndroidManifest.xml:36:17-78
52-->src\main\AndroidManifest.xml:36:25-75
53            </intent-filter>
54        </service>
55        <service
55-->[com.google.firebase:firebase-messaging-ktx:24.0.0] AndroidManifest.xml:23:9-29:19
56            android:name="com.google.firebase.components.ComponentDiscoveryService"
56-->[com.google.firebase:firebase-messaging-ktx:24.0.0] AndroidManifest.xml:24:13-84
57            android:directBootAware="true"
57-->[com.google.firebase:firebase-common:21.0.0] AndroidManifest.xml:32:13-43
58            android:exported="false" >
58-->[com.google.firebase:firebase-messaging-ktx:24.0.0] AndroidManifest.xml:25:13-37
59            <meta-data
59-->[com.google.firebase:firebase-messaging-ktx:24.0.0] AndroidManifest.xml:26:13-28:85
60                android:name="com.google.firebase.components:com.google.firebase.messaging.ktx.FirebaseMessagingLegacyRegistrar"
60-->[com.google.firebase:firebase-messaging-ktx:24.0.0] AndroidManifest.xml:27:17-129
61                android:value="com.google.firebase.components.ComponentRegistrar" />
61-->[com.google.firebase:firebase-messaging-ktx:24.0.0] AndroidManifest.xml:28:17-82
62            <meta-data
62-->[com.google.firebase:firebase-messaging:24.0.0] AndroidManifest.xml:57:13-59:85
63                android:name="com.google.firebase.components:com.google.firebase.messaging.FirebaseMessagingKtxRegistrar"
63-->[com.google.firebase:firebase-messaging:24.0.0] AndroidManifest.xml:58:17-122
64                android:value="com.google.firebase.components.ComponentRegistrar" />
64-->[com.google.firebase:firebase-messaging:24.0.0] AndroidManifest.xml:59:17-82
65            <meta-data
65-->[com.google.firebase:firebase-messaging:24.0.0] AndroidManifest.xml:60:13-62:85
66                android:name="com.google.firebase.components:com.google.firebase.messaging.FirebaseMessagingRegistrar"
66-->[com.google.firebase:firebase-messaging:24.0.0] AndroidManifest.xml:61:17-119
67                android:value="com.google.firebase.components.ComponentRegistrar" />
67-->[com.google.firebase:firebase-messaging:24.0.0] AndroidManifest.xml:62:17-82
68            <meta-data
68-->[com.google.firebase:firebase-installations:18.0.0] AndroidManifest.xml:15:13-17:85
69                android:name="com.google.firebase.components:com.google.firebase.installations.FirebaseInstallationsKtxRegistrar"
69-->[com.google.firebase:firebase-installations:18.0.0] AndroidManifest.xml:16:17-130
70                android:value="com.google.firebase.components.ComponentRegistrar" />
70-->[com.google.firebase:firebase-installations:18.0.0] AndroidManifest.xml:17:17-82
71            <meta-data
71-->[com.google.firebase:firebase-installations:18.0.0] AndroidManifest.xml:18:13-20:85
72                android:name="com.google.firebase.components:com.google.firebase.installations.FirebaseInstallationsRegistrar"
72-->[com.google.firebase:firebase-installations:18.0.0] AndroidManifest.xml:19:17-127
73                android:value="com.google.firebase.components.ComponentRegistrar" />
73-->[com.google.firebase:firebase-installations:18.0.0] AndroidManifest.xml:20:17-82
74            <meta-data
74-->[com.google.firebase:firebase-common-ktx:21.0.0] AndroidManifest.xml:12:13-14:85
75                android:name="com.google.firebase.components:com.google.firebase.ktx.FirebaseCommonLegacyRegistrar"
75-->[com.google.firebase:firebase-common-ktx:21.0.0] AndroidManifest.xml:13:17-116
76                android:value="com.google.firebase.components.ComponentRegistrar" />
76-->[com.google.firebase:firebase-common-ktx:21.0.0] AndroidManifest.xml:14:17-82
77            <meta-data
77-->[com.google.firebase:firebase-common:21.0.0] AndroidManifest.xml:35:13-37:85
78                android:name="com.google.firebase.components:com.google.firebase.FirebaseCommonKtxRegistrar"
78-->[com.google.firebase:firebase-common:21.0.0] AndroidManifest.xml:36:17-109
79                android:value="com.google.firebase.components.ComponentRegistrar" />
79-->[com.google.firebase:firebase-common:21.0.0] AndroidManifest.xml:37:17-82
80            <meta-data
80-->[com.google.firebase:firebase-datatransport:18.2.0] AndroidManifest.xml:25:13-27:85
81                android:name="com.google.firebase.components:com.google.firebase.datatransport.TransportRegistrar"
81-->[com.google.firebase:firebase-datatransport:18.2.0] AndroidManifest.xml:26:17-115
82                android:value="com.google.firebase.components.ComponentRegistrar" />
82-->[com.google.firebase:firebase-datatransport:18.2.0] AndroidManifest.xml:27:17-82
83        </service>
84
85        <receiver
85-->[com.google.firebase:firebase-messaging:24.0.0] AndroidManifest.xml:29:9-40:20
86            android:name="com.google.firebase.iid.FirebaseInstanceIdReceiver"
86-->[com.google.firebase:firebase-messaging:24.0.0] AndroidManifest.xml:30:13-78
87            android:exported="true"
87-->[com.google.firebase:firebase-messaging:24.0.0] AndroidManifest.xml:31:13-36
88            android:permission="com.google.android.c2dm.permission.SEND" >
88-->[com.google.firebase:firebase-messaging:24.0.0] AndroidManifest.xml:32:13-73
89            <intent-filter>
89-->[com.google.firebase:firebase-messaging:24.0.0] AndroidManifest.xml:33:13-35:29
90                <action android:name="com.google.android.c2dm.intent.RECEIVE" />
90-->[com.google.firebase:firebase-messaging:24.0.0] AndroidManifest.xml:34:17-81
90-->[com.google.firebase:firebase-messaging:24.0.0] AndroidManifest.xml:34:25-78
91            </intent-filter>
92
93            <meta-data
93-->[com.google.firebase:firebase-messaging:24.0.0] AndroidManifest.xml:37:13-39:40
94                android:name="com.google.android.gms.cloudmessaging.FINISHED_AFTER_HANDLED"
94-->[com.google.firebase:firebase-messaging:24.0.0] AndroidManifest.xml:38:17-92
95                android:value="true" />
95-->[com.google.firebase:firebase-messaging:24.0.0] AndroidManifest.xml:39:17-37
96        </receiver>
97        <!--
98             FirebaseMessagingService performs security checks at runtime,
99             but set to not exported to explicitly avoid allowing another app to call it.
100        -->
101        <service
101-->[com.google.firebase:firebase-messaging:24.0.0] AndroidManifest.xml:46:9-53:19
102            android:name="com.google.firebase.messaging.FirebaseMessagingService"
102-->[com.google.firebase:firebase-messaging:24.0.0] AndroidManifest.xml:47:13-82
103            android:directBootAware="true"
103-->[com.google.firebase:firebase-messaging:24.0.0] AndroidManifest.xml:48:13-43
104            android:exported="false" >
104-->[com.google.firebase:firebase-messaging:24.0.0] AndroidManifest.xml:49:13-37
105            <intent-filter android:priority="-500" >
105-->src\main\AndroidManifest.xml:35:13-37:29
106                <action android:name="com.google.firebase.MESSAGING_EVENT" />
106-->src\main\AndroidManifest.xml:36:17-78
106-->src\main\AndroidManifest.xml:36:25-75
107            </intent-filter>
108        </service>
109
110        <activity
110-->[com.google.android.gms:play-services-base:18.0.1] AndroidManifest.xml:20:9-22:45
111            android:name="com.google.android.gms.common.api.GoogleApiActivity"
111-->[com.google.android.gms:play-services-base:18.0.1] AndroidManifest.xml:20:19-85
112            android:exported="false"
112-->[com.google.android.gms:play-services-base:18.0.1] AndroidManifest.xml:22:19-43
113            android:theme="@android:style/Theme.Translucent.NoTitleBar" />
113-->[com.google.android.gms:play-services-base:18.0.1] AndroidManifest.xml:21:19-78
114
115        <provider
115-->[com.google.firebase:firebase-common:21.0.0] AndroidManifest.xml:23:9-28:39
116            android:name="com.google.firebase.provider.FirebaseInitProvider"
116-->[com.google.firebase:firebase-common:21.0.0] AndroidManifest.xml:24:13-77
117            android:authorities="com.peekly.parent.firebaseinitprovider"
117-->[com.google.firebase:firebase-common:21.0.0] AndroidManifest.xml:25:13-72
118            android:directBootAware="true"
118-->[com.google.firebase:firebase-common:21.0.0] AndroidManifest.xml:26:13-43
119            android:exported="false"
119-->[com.google.firebase:firebase-common:21.0.0] AndroidManifest.xml:27:13-37
120            android:initOrder="100" />
120-->[com.google.firebase:firebase-common:21.0.0] AndroidManifest.xml:28:13-36
121        <provider
121-->[androidx.emoji2:emoji2:1.3.0] AndroidManifest.xml:24:9-32:20
122            android:name="androidx.startup.InitializationProvider"
122-->[androidx.emoji2:emoji2:1.3.0] AndroidManifest.xml:25:13-67
123            android:authorities="com.peekly.parent.androidx-startup"
123-->[androidx.emoji2:emoji2:1.3.0] AndroidManifest.xml:26:13-68
124            android:exported="false" >
124-->[androidx.emoji2:emoji2:1.3.0] AndroidManifest.xml:27:13-37
125            <meta-data
125-->[androidx.emoji2:emoji2:1.3.0] AndroidManifest.xml:29:13-31:52
126                android:name="androidx.emoji2.text.EmojiCompatInitializer"
126-->[androidx.emoji2:emoji2:1.3.0] AndroidManifest.xml:30:17-75
127                android:value="androidx.startup" />
127-->[androidx.emoji2:emoji2:1.3.0] AndroidManifest.xml:31:17-49
128            <meta-data
128-->[androidx.lifecycle:lifecycle-process:2.8.0] AndroidManifest.xml:29:13-31:52
129                android:name="androidx.lifecycle.ProcessLifecycleInitializer"
129-->[androidx.lifecycle:lifecycle-process:2.8.0] AndroidManifest.xml:30:17-78
130                android:value="androidx.startup" />
130-->[androidx.lifecycle:lifecycle-process:2.8.0] AndroidManifest.xml:31:17-49
131            <meta-data
131-->[androidx.profileinstaller:profileinstaller:1.3.1] AndroidManifest.xml:29:13-31:52
132                android:name="androidx.profileinstaller.ProfileInstallerInitializer"
132-->[androidx.profileinstaller:profileinstaller:1.3.1] AndroidManifest.xml:30:17-85
133                android:value="androidx.startup" />
133-->[androidx.profileinstaller:profileinstaller:1.3.1] AndroidManifest.xml:31:17-49
134        </provider>
135
136        <meta-data
136-->[com.google.android.gms:play-services-basement:18.3.0] AndroidManifest.xml:21:9-23:69
137            android:name="com.google.android.gms.version"
137-->[com.google.android.gms:play-services-basement:18.3.0] AndroidManifest.xml:22:13-58
138            android:value="@integer/google_play_services_version" />
138-->[com.google.android.gms:play-services-basement:18.3.0] AndroidManifest.xml:23:13-66
139
140        <receiver
140-->[androidx.profileinstaller:profileinstaller:1.3.1] AndroidManifest.xml:34:9-52:20
141            android:name="androidx.profileinstaller.ProfileInstallReceiver"
141-->[androidx.profileinstaller:profileinstaller:1.3.1] AndroidManifest.xml:35:13-76
142            android:directBootAware="false"
142-->[androidx.profileinstaller:profileinstaller:1.3.1] AndroidManifest.xml:36:13-44
143            android:enabled="true"
143-->[androidx.profileinstaller:profileinstaller:1.3.1] AndroidManifest.xml:37:13-35
144            android:exported="true"
144-->[androidx.profileinstaller:profileinstaller:1.3.1] AndroidManifest.xml:38:13-36
145            android:permission="android.permission.DUMP" >
145-->[androidx.profileinstaller:profileinstaller:1.3.1] AndroidManifest.xml:39:13-57
146            <intent-filter>
146-->[androidx.profileinstaller:profileinstaller:1.3.1] AndroidManifest.xml:40:13-42:29
147                <action android:name="androidx.profileinstaller.action.INSTALL_PROFILE" />
147-->[androidx.profileinstaller:profileinstaller:1.3.1] AndroidManifest.xml:41:17-91
147-->[androidx.profileinstaller:profileinstaller:1.3.1] AndroidManifest.xml:41:25-88
148            </intent-filter>
149            <intent-filter>
149-->[androidx.profileinstaller:profileinstaller:1.3.1] AndroidManifest.xml:43:13-45:29
150                <action android:name="androidx.profileinstaller.action.SKIP_FILE" />
150-->[androidx.profileinstaller:profileinstaller:1.3.1] AndroidManifest.xml:44:17-85
150-->[androidx.profileinstaller:profileinstaller:1.3.1] AndroidManifest.xml:44:25-82
151            </intent-filter>
152            <intent-filter>
152-->[androidx.profileinstaller:profileinstaller:1.3.1] AndroidManifest.xml:46:13-48:29
153                <action android:name="androidx.profileinstaller.action.SAVE_PROFILE" />
153-->[androidx.profileinstaller:profileinstaller:1.3.1] AndroidManifest.xml:47:17-88
153-->[androidx.profileinstaller:profileinstaller:1.3.1] AndroidManifest.xml:47:25-85
154            </intent-filter>
155            <intent-filter>
155-->[androidx.profileinstaller:profileinstaller:1.3.1] AndroidManifest.xml:49:13-51:29
156                <action android:name="androidx.profileinstaller.action.BENCHMARK_OPERATION" />
156-->[androidx.profileinstaller:profileinstaller:1.3.1] AndroidManifest.xml:50:17-95
156-->[androidx.profileinstaller:profileinstaller:1.3.1] AndroidManifest.xml:50:25-92
157            </intent-filter>
158        </receiver>
159
160        <service
160-->[com.google.android.datatransport:transport-backend-cct:3.1.9] AndroidManifest.xml:28:9-34:19
161            android:name="com.google.android.datatransport.runtime.backends.TransportBackendDiscovery"
161-->[com.google.android.datatransport:transport-backend-cct:3.1.9] AndroidManifest.xml:29:13-103
162            android:exported="false" >
162-->[com.google.android.datatransport:transport-backend-cct:3.1.9] AndroidManifest.xml:30:13-37
163            <meta-data
163-->[com.google.android.datatransport:transport-backend-cct:3.1.9] AndroidManifest.xml:31:13-33:39
164                android:name="backend:com.google.android.datatransport.cct.CctBackendFactory"
164-->[com.google.android.datatransport:transport-backend-cct:3.1.9] AndroidManifest.xml:32:17-94
165                android:value="cct" />
165-->[com.google.android.datatransport:transport-backend-cct:3.1.9] AndroidManifest.xml:33:17-36
166        </service>
167        <service
167-->[com.google.android.datatransport:transport-runtime:3.1.9] AndroidManifest.xml:26:9-30:19
168            android:name="com.google.android.datatransport.runtime.scheduling.jobscheduling.JobInfoSchedulerService"
168-->[com.google.android.datatransport:transport-runtime:3.1.9] AndroidManifest.xml:27:13-117
169            android:exported="false"
169-->[com.google.android.datatransport:transport-runtime:3.1.9] AndroidManifest.xml:28:13-37
170            android:permission="android.permission.BIND_JOB_SERVICE" >
170-->[com.google.android.datatransport:transport-runtime:3.1.9] AndroidManifest.xml:29:13-69
171        </service>
172
173        <receiver
173-->[com.google.android.datatransport:transport-runtime:3.1.9] AndroidManifest.xml:32:9-34:40
174            android:name="com.google.android.datatransport.runtime.scheduling.jobscheduling.AlarmManagerSchedulerBroadcastReceiver"
174-->[com.google.android.datatransport:transport-runtime:3.1.9] AndroidManifest.xml:33:13-132
175            android:exported="false" />
175-->[com.google.android.datatransport:transport-runtime:3.1.9] AndroidManifest.xml:34:13-37
176    </application>
177
178</manifest>